Arguments: 
  /usr/local/bin/node /usr/share/yarn/bin/yarn.js install

PATH: 
  /u01/app/oracle/product/11.2.0/xe/bin:/home/ashwani/.linuxbrew/bin:/u01/app/oracle/product/11.2.0/xe/bin:/home/ashwani/.linuxbrew/bin:/usr/local/sbin:/usr/local/bin:/usr/sbin:/usr/bin:/sbin:/bin:/usr/games:/usr/local/games:/opt/sonar-runner/bin:/usr/lib/jvm/java-8-oracle/bin:/usr/lib/jvm/java-8-oracle/db/bin:/usr/lib/jvm/java-8-oracle/jre/bin:/usr/lib/jvm/java-8-oracle/bin:/usr/lib/jvm/java-8-oracle/db/bin:/usr/lib/jvm/java-8-oracle/jre/bin:/usr/local/bin/javascriptDesktop:/home/ashwani/Android/Sdk/tools:/home/ashwani/Android/Sdk/platform-tools:/usr/local/bin/javascriptDesktop:/home/ashwani/Android/Sdk/tools:/home/ashwani/Android/Sdk/platform-tools

Yarn version: 
  0.27.5

Node version: 
  8.5.0

Platform: 
  linux x64

npm manifest: 
  {
    "name": "react-pwa",
    "version": "0.2.2",
    "description": "A highly scalable, Progressive Web Application foundation with the best Developer Experience (DX).",
    "engines": {
      "node": ">= 8.4.0"
    },
    "engineStrict": true,
    "devDependencies": {
      "assets-webpack-plugin": "^3.5.1",
      "babel-cli": "^6.26.0",
      "babel-core": "^6.26.0",
      "babel-eslint": "^8.0.0",
      "babel-loader": "^7.1.2",
      "babel-plugin-css-modules-transform": "^1.2.7",
      "babel-plugin-lodash": "^3.2.11",
      "babel-plugin-react-transform": "^3.0.0",
      "babel-plugin-transform-class-properties": "^6.24.1",
      "babel-plugin-transform-decorators-legacy": "^1.3.4",
      "babel-plugin-transform-object-rest-spread": "^6.26.0",
      "babel-polyfill": "^6.26.0",
      "babel-preset-env": "^1.6.0",
      "babel-preset-react": "^6.24.1",
      "babel-register": "^6.26.0",
      "chai": "^4.1.2",
      "chokidar": "^1.7.0",
      "classnames": "^2.2.5",
      "clean-webpack-plugin": "^0.1.16",
      "compression": "^1.7.0",
      "cookie-parser": "^1.4.3",
      "copy-webpack-plugin": "^4.0.1",
      "cross-env": "^5.0.5",
      "css-loader": "^0.28.7",
      "eslint": "^4.6.1",
      "eslint-loader": "^1.9.0",
      "eslint-plugin-react": "^7.3.0",
      "express": "^4.15.4",
      "extract-text-webpack-plugin": "^3.0.0",
      "fbemitter": "^3.0.0-alpha.1",
      "file-loader": "^1.1.5",
      "glob": "^7.1.2",
      "history": "^4.7.2",
      "hsts": "^2.1.0",
      "imagemin-gifsicle": "^5.2.0",
      "imagemin-loader": "^1.0.7",
      "imagemin-mozjpeg": "^6.0.0",
      "imagemin-optipng": "^5.2.1",
      "imagemin-svgo": "^6.0.0",
      "img-loader": "^2.0.0",
      "isbot": "^2.1.0",
      "lodash": "^4.17.4",
      "memory-cache": "^0.2.0",
      "mocha": "^4.0.0",
      "moment": "^2.18.1",
      "multi-loader": "^0.1.0",
      "node-sass": "^4.5.3",
      "nodemon": "^1.12.0",
      "postcss-cssnext": "^3.0.2",
      "postcss-loader": "^2.0.6",
      "postcss-scss": "^1.0.2",
      "postcss-smart-import": "^0.7.5",
      "precss": "^2.0.0",
      "prop-types": "^15.5.10",
      "pwa-srcset-loader": "^1.1.2",
      "react": "^16",
      "react-dom": "^16",
      "react-hot-loader": "^3.0.0-beta.7",
      "react-redux": "^5.0.6",
      "react-router": "^4.2.0",
      "react-router-dom": "^4.2.2",
      "react-router-redux": "^5.0.0-alpha.6",
      "react-test-render": "^1.0.3",
      "react-test-renderer": "^16.0.0",
      "react-transform-hmr": "^1.0.4",
      "redux": "^3.7.2",
      "sass-loader": "^6.0.6",
      "serve-favicon": "^2.4.3",
      "strict-uri-encode": "^2.0.0",
      "style-loader": "^0.19.0",
      "uglify-js": "^3.0.28",
      "uglifyjs-webpack-plugin": "^1.0.1",
      "universal-fetch": "^1.0.0",
      "url-loader": "^0.6.2",
      "webp-loader": "^0.2.1",
      "webpack": "^3.5.6",
      "webpack-delete-after-emit": "^1.0.5",
      "webpack-dev-middleware": "^1.12.0",
      "webpack-dev-server": "^2.7.1",
      "webpack-hot-middleware": "^2.19.1",
      "workbox-sw": "^2.1.0"
    },
    "scripts": {
      "start": "cross-env NODE_ENV=development nodemon --exec babel-node --watch ./src/server.js --watch ./src/client.js --watch ./src/core --watch ./webpack ./src/server.js",
      "lint": "eslint --ignore-path .gitignore src webpack",
      "build": "cross-env NODE_ENV=production webpack -p --config ./webpack/prod.client.babel.js && cross-env NODE_ENV=production webpack -p --config ./webpack/prod.server.babel.js",
      "test": "npm run lint && cross-env NODE_ENV=test mocha --require babel-core/register \"src/**/*.test.js\"",
      "docker:dev:image": "docker build -t react-pwa -f docker/Dockerfile .",
      "docker:dev:start": "docker run -it -v \"$PWD/src\":\"/app/src\" -p 3003:3003 react-pwa",
      "docker:dev:list": "docker run -it -v \"$PWD/src\":\"/app/src\" -p 3003:3003 react-pwa yarn lint",
      "docker:dev:test": "docker run -it -v \"$PWD/src\":\"/app/src\" -p 3003:3003 react-pwa yarn test",
      "docker:prod:build": "docker run -it -v \"$PWD/src\":\"/app/src\" -v \"$PWD/dist\":\"/app/dist\" react-pwa yarn build",
      "docker:prod:image": "npm run docker:dev:image && npm run docker:prod:build && docker build -t react-pwa-prod -f docker/prod/Dockerfile .",
      "docker:prod:start": "docker run -it -p 3003:3003 react-pwa-prod",
      "postinstall": "opencollective postinstall"
    },
    "keywords": [
      "es7",
      "nodejs"
    ],
    "author": "Tirth Bodawala",
    "license": "ISC",
    "dependencies": {
      "opencollective": "^1.0.3"
    },
    "collective": {
      "type": "opencollective",
      "url": "https://opencollective.com/react-pwa",
      "logo": "https://opencollective.com/opencollective/logo.txt"
    }
  }

yarn manifest: 
  No manifest

Lockfile: 
  No lockfile

Trace: 
  Error: connect ENETUNREACH 64:ff9b::9765:8a2:443 - Local (:::0)
      at Object._errnoException (util.js:1026:11)
      at _exceptionWithHostPort (util.js:1049:20)
      at internalConnect (net.js:962:16)
      at GetAddrInfoReqWrap.emitLookup [as callback] (net.js:1098:7)
      at GetAddrInfoReqWrap.onlookup [as oncomplete] (dns.js:100:10)
